<?xml version="1.0" encoding="UTF-8"?>
<testng-results ignored="0" total="1" passed="1" failed="0" skipped="0">
  <reporter-output>
    <line>
      <![CDATA[Login To Neostox]]>
    </line>
    <line>
      <![CDATA[implicit wait is]]>
    </line>
    <line>
      <![CDATA[Reading data from excel row is0cell is0]]>
    </line>
    <line>
      <![CDATA[Sign In To Neostox]]>
    </line>
    <line>
      <![CDATA[implicit wait is]]>
    </line>
    <line>
      <![CDATA[Reading data from excel row is0cell is1]]>
    </line>
    <line>
      <![CDATA[Enter password Neostox]]>
    </line>
    <line>
      <![CDATA[implicit wait is]]>
    </line>
    <line>
      <![CDATA[Reading data from excel row is0cell is2]]>
    </line>
    <line>
      <![CDATA[Get Neostox Username]]>
    </line>
    <line>
      <![CDATA[takig ScreenShot]]>
    </line>
    <line>
      <![CDATA[Logout From NeoStox]]>
    </line>
    <line>
      <![CDATA[closing Browser]]>
    </line>
  </reporter-output>
  <suite started-at="2023-02-03T15:52:22 IST" name="Default suite" finished-at="2023-02-03T15:53:57 IST" duration-ms="95357">
    <groups>
    </groups>
    <test started-at="2023-02-03T15:52:22 IST" name="Default test" finished-at="2023-02-03T15:53:57 IST" duration-ms="95357">
      <class name="neoStox_TEST.validateNeoStoxUserName">
        <test-method is-config="true" signature="launchingBrowser()[pri:0, instance:neoStox_TEST.validateNeoStoxUserName@229c6181]" started-at="2023-02-03T15:52:22 IST" name="launchingBrowser" finished-at="2023-02-03T15:53:01 IST" duration-ms="38578" status="PASS">
          <reporter-output>
          </reporter-output>
        </test-method> <!-- launchingBrowser -->
        <test-method is-config="true" signature="loginToNeoStox()[pri:0, instance:neoStox_TEST.validateNeoStoxUserName@229c6181]" started-at="2023-02-03T15:53:01 IST" name="loginToNeoStox" finished-at="2023-02-03T15:53:48 IST" duration-ms="47290" status="PASS">
          <reporter-output>
            <line>
              <![CDATA[Login To Neostox]]>
            </line>
            <line>
              <![CDATA[implicit wait is]]>
            </line>
            <line>
              <![CDATA[Reading data from excel row is0cell is0]]>
            </line>
            <line>
              <![CDATA[Sign In To Neostox]]>
            </line>
            <line>
              <![CDATA[implicit wait is]]>
            </line>
            <line>
              <![CDATA[Reading data from excel row is0cell is1]]>
            </line>
            <line>
              <![CDATA[Enter password Neostox]]>
            </line>
            <line>
              <![CDATA[implicit wait is]]>
            </line>
          </reporter-output>
        </test-method> <!-- loginToNeoStox -->
        <test-method signature="validateUserName()[pri:0, instance:neoStox_TEST.validateNeoStoxUserName@229c6181]" started-at="2023-02-03T15:53:48 IST" name="validateUserName" finished-at="2023-02-03T15:53:50 IST" duration-ms="1816" status="PASS">
          <reporter-output>
            <line>
              <![CDATA[Reading data from excel row is0cell is2]]>
            </line>
            <line>
              <![CDATA[Get Neostox Username]]>
            </line>
            <line>
              <![CDATA[takig ScreenShot]]>
            </line>
          </reporter-output>
        </test-method> <!-- validateUserName -->
        <test-method is-config="true" signature="logOutFromNeoStox()[pri:0, instance:neoStox_TEST.validateNeoStoxUserName@229c6181]" started-at="2023-02-03T15:53:50 IST" name="logOutFromNeoStox" finished-at="2023-02-03T15:53:55 IST" duration-ms="4840" status="PASS">
          <reporter-output>
            <line>
              <![CDATA[Logout From NeoStox]]>
            </line>
          </reporter-output>
        </test-method> <!-- logOutFromNeoStox -->
        <test-method is-config="true" signature="closingBrowser()[pri:0, instance:neoStox_TEST.validateNeoStoxUserName@229c6181]" started-at="2023-02-03T15:53:55 IST" name="closingBrowser" finished-at="2023-02-03T15:53:57 IST" duration-ms="2546" status="PASS">
          <reporter-output>
            <line>
              <![CDATA[closing Browser]]>
            </line>
          </reporter-output>
        </test-method> <!-- closingBrowser -->
      </class> <!-- neoStox_TEST.validateNeoStoxUserName -->
    </test> <!-- Default test -->
  </suite> <!-- Default suite -->
</testng-results>
